<?xml version="1.0" encoding="UTF-8"?>
<!-- Generated by org.testng.reporters.JUnitReportReporter -->
<testsuite skipped="0" hostname="Omnex150" name="TestCases.TC004_CreateParentLevels" tests="12" failures="0" timestamp="20 Apr 2019 15:20:05 GMT" time="216.356" errors="0">
  <testcase name="createParentLevels" time="6.257" classname="TestCases.TC004_CreateParentLevels"/>
  <testcase name="createParentLevels" time="9.852" classname="TestCases.TC004_CreateParentLevels"/>
  <testcase name="createParentLevels" time="6.223" classname="TestCases.TC004_CreateParentLevels"/>
  <testcase name="createParentLevels" time="6.150" classname="TestCases.TC004_CreateParentLevels"/>
  <testcase name="createParentLevels" time="86.069" classname="TestCases.TC004_CreateParentLevels"/>
  <testcase name="createParentLevels" time="5.884" classname="TestCases.TC004_CreateParentLevels"/>
  <testcase name="createParentLevels" time="5.870" classname="TestCases.TC004_CreateParentLevels"/>
  <testcase name="createParentLevels" time="6.210" classname="TestCases.TC004_CreateParentLevels"/>
  <testcase name="createParentLevels" time="6.197" classname="TestCases.TC004_CreateParentLevels"/>
  <testcase name="createParentLevels" time="66.064" classname="TestCases.TC004_CreateParentLevels"/>
  <testcase name="createParentLevels" time="5.756" classname="TestCases.TC004_CreateParentLevels"/>
  <testcase name="createParentLevels" time="5.824" classname="TestCases.TC004_CreateParentLevels"/>
</testsuite> <!-- TestCases.TC004_CreateParentLevels -->
