<?xml version="1.0" encoding="UTF-8"?>
<!-- Generated by org.testng.reporters.JUnitReportReporter -->
<testsuite skipped="0" hostname="Omnex150" name="TestCases.TC007_PublishNewdocument" tests="1" failures="0" timestamp="18 Apr 2019 14:41:35 GMT" time="115.634" errors="0">
  <testcase name="newDocReq" time="115.634" classname="TestCases.TC007_PublishNewdocument"/>
</testsuite> <!-- TestCases.TC007_PublishNewdocument -->
