<?xml version="1.0" encoding="UTF-8"?>
<!-- Generated by org.testng.reporters.JUnitReportReporter -->
<testsuite skipped="0" hostname="Omnex150" name="TestCases.TC003_ClickUsersMenu" tests="1" failures="0" timestamp="24 Feb 2019 10:35:51 GMT" time="71.548" errors="0">
  <testcase name="logIn" time="71.548" classname="TestCases.TC003_ClickUsersMenu"/>
</testsuite> <!-- TestCases.TC003_ClickUsersMenu -->
