<?xml version="1.0" encoding="UTF-8"?>
<!-- Generated by org.testng.reporters.JUnitReportReporter -->
<testsuite skipped="13" hostname="Omnex150" name="MultiTestData.MultipleUserCreation" tests="14" failures="0" timestamp="13 Aug 2019 06:37:11 GMT" time="1.240" errors="1">
  <testcase name="addUsers" time="0.000" classname="MultiTestData.MultipleUserCreation">
    <skipped/>
  </testcase> <!-- addUsers -->
  <testcase name="addUsers" time="0.000" classname="MultiTestData.MultipleUserCreation">
    <skipped/>
  </testcase> <!-- addUsers -->
  <testcase name="addUsers" time="0.000" classname="MultiTestData.MultipleUserCreation">
    <skipped/>
  </testcase> <!-- addUsers -->
  <testcase name="addUsers" time="0.000" classname="MultiTestData.MultipleUserCreation">
    <skipped/>
  </testcase> <!-- addUsers -->
  <testcase name="addUsers" time="0.000" classname="MultiTestData.MultipleUserCreation">
    <skipped/>
  </testcase> <!-- addUsers -->
  <testcase name="beforeMethod" time="1.240" classname="MultiTestData.MultipleUserCreation">
    <error type="java.lang.RuntimeException" message="FAILED">
      <![CDATA[java.lang.RuntimeException: FAILED
	at Utilities.Reporter.reportStep(Reporter.java:33)
	at Utilities.Reporter.reportStep(Reporter.java:43)
	at CommonMethods.SeMethods.startApp(SeMethods.java:81)
	at CommonMethods.ProjectMethods.beforeMethod(ProjectMethods.java:35)
	at sun.reflect.NativeMethodAccessorImpl.invoke0(Native Method)
	at sun.reflect.NativeMethodAccessorImpl.invoke(Unknown Source)
	at sun.reflect.DelegatingMethodAccessorImpl.invoke(Unknown Source)
	at java.lang.reflect.Method.invoke(Unknown Source)
	at org.testng.internal.MethodInvocationHelper.invokeMethod(MethodInvocationHelper.java:108)
	at org.testng.internal.Invoker.invokeConfigurationMethod(Invoker.java:523)
	at org.testng.internal.Invoker.invokeConfigurations(Invoker.java:224)
	at org.testng.internal.Invoker.invokeMethod(Invoker.java:599)
	at org.testng.internal.Invoker.invokeTestMethod(Invoker.java:869)
	at org.testng.internal.Invoker.invokeTestMethods(Invoker.java:1193)
	at org.testng.internal.TestMethodWorker.invokeTestMethods(TestMethodWorker.java:126)
	at org.testng.internal.TestMethodWorker.run(TestMethodWorker.java:109)
	at org.testng.TestRunner.privateRun(TestRunner.java:744)
	at org.testng.TestRunner.run(TestRunner.java:602)
	at org.testng.SuiteRunner.runTest(SuiteRunner.java:380)
	at org.testng.SuiteRunner.runSequentially(SuiteRunner.java:375)
	at org.testng.SuiteRunner.privateRun(SuiteRunner.java:340)
	at org.testng.SuiteRunner.run(SuiteRunner.java:289)
	at org.testng.SuiteRunnerWorker.runSuite(SuiteRunnerWorker.java:52)
	at org.testng.SuiteRunnerWorker.run(SuiteRunnerWorker.java:86)
	at org.testng.TestNG.runSuitesSequentially(TestNG.java:1301)
	at org.testng.TestNG.runSuitesLocally(TestNG.java:1226)
	at org.testng.TestNG.runSuites(TestNG.java:1144)
	at org.testng.TestNG.run(TestNG.java:1115)
	at org.testng.remote.AbstractRemoteTestNG.run(AbstractRemoteTestNG.java:114)
	at org.testng.remote.RemoteTestNG.initAndRun(RemoteTestNG.java:251)
	at org.testng.remote.RemoteTestNG.main(RemoteTestNG.java:77)
]]>
    </error>
  </testcase> <!-- beforeMethod -->
  <testcase name="addUsers" time="0.000" classname="MultiTestData.MultipleUserCreation">
    <skipped/>
  </testcase> <!-- addUsers -->
  <testcase name="addUsers" time="0.000" classname="MultiTestData.MultipleUserCreation">
    <skipped/>
  </testcase> <!-- addUsers -->
  <testcase name="addUsers" time="0.000" classname="MultiTestData.MultipleUserCreation">
    <skipped/>
  </testcase> <!-- addUsers -->
  <testcase name="addUsers" time="0.000" classname="MultiTestData.MultipleUserCreation">
    <skipped/>
  </testcase> <!-- addUsers -->
  <testcase name="addUsers" time="0.000" classname="MultiTestData.MultipleUserCreation">
    <skipped/>
  </testcase> <!-- addUsers -->
  <testcase name="addUsers" time="0.000" classname="MultiTestData.MultipleUserCreation">
    <skipped/>
  </testcase> <!-- addUsers -->
  <testcase name="addUsers" time="0.000" classname="MultiTestData.MultipleUserCreation">
    <skipped/>
  </testcase> <!-- addUsers -->
  <testcase name="addUsers" time="0.000" classname="MultiTestData.MultipleUserCreation">
    <skipped/>
  </testcase> <!-- addUsers -->
</testsuite> <!-- MultiTestData.MultipleUserCreation -->
