<?xml version="1.0" encoding="UTF-8"?>
<!-- Generated by org.testng.reporters.JUnitReportReporter -->
<testsuite skipped="0" hostname="Omnex150" name="TestCases.TC011_PendingDocumentDrafts" tests="1" failures="0" timestamp="29 Apr 2019 09:24:27 GMT" time="77.044" errors="0">
  <testcase name="changedraftToDocument" time="77.044" classname="TestCases.TC011_PendingDocumentDrafts"/>
</testsuite> <!-- TestCases.TC011_PendingDocumentDrafts -->
