<?xml version="1.0" encoding="UTF-8"?>
<!-- Generated by org.testng.reporters.JUnitReportReporter -->
<testsuite skipped="0" hostname="Omnex150" name="TestCases.TC001to3_LoginandUserCreation" tests="4" failures="0" timestamp="22 Apr 2019 13:24:52 GMT" time="208.019" errors="0">
  <testcase name="login" time="102.939" classname="TestCases.TC001to3_LoginandUserCreation"/>
  <testcase name="login" time="27.592" classname="TestCases.TC001to3_LoginandUserCreation"/>
  <testcase name="login" time="8.988" classname="TestCases.TC001to3_LoginandUserCreation"/>
  <testcase name="login" time="68.500" classname="TestCases.TC001to3_LoginandUserCreation"/>
</testsuite> <!-- TestCases.TC001to3_LoginandUserCreation -->
