<?xml version="1.0" encoding="UTF-8"?>
<!-- Generated by org.testng.reporters.JUnitReportReporter -->
<testsuite skipped="0" hostname="Omnex150" name="TestCases.TC002_InvalidLogin" tests="1" failures="0" timestamp="19 Apr 2019 14:42:52 GMT" time="8.919" errors="0">
  <testcase name="inValidLogin" time="8.919" classname="TestCases.TC002_InvalidLogin"/>
</testsuite> <!-- TestCases.TC002_InvalidLogin -->
