<?xml version="1.0" encoding="UTF-8"?>
<!-- Generated by org.testng.reporters.JUnitReportReporter -->
<testsuite skipped="0" hostname="Omnex150" name="TestCases.TC009_SetUserAsModuleAdmin" tests="1" failures="0" timestamp="22 Apr 2019 13:14:28 GMT" time="125.046" errors="0">
  <testcase name="setUserasModAdmin" time="125.046" classname="TestCases.TC009_SetUserAsModuleAdmin"/>
</testsuite> <!-- TestCases.TC009_SetUserAsModuleAdmin -->
