<?xml version="1.0" encoding="UTF-8"?>
<!-- Generated by org.testng.reporters.JUnitReportReporter -->
<testsuite skipped="0" hostname="Omnex150" name="TestCases.TC006_NewDocumentRequest" tests="1" failures="0" timestamp="29 Mar 2019 14:14:27 GMT" time="95.155" errors="0">
  <testcase name="newDocReq" time="95.155" classname="TestCases.TC006_NewDocumentRequest"/>
</testsuite> <!-- TestCases.TC006_NewDocumentRequest -->
