<?xml version="1.0" encoding="UTF-8"?>
<!-- Generated by org.testng.reporters.JUnitReportReporter -->
<testsuite skipped="0" hostname="DESKTOP-FLV1Q8H" name="TestCases.TC016_SetRightsfortheFolder" tests="1" failures="0" timestamp="04 Dec 2019 10:50:07 GMT" time="115.310" errors="0">
  <testcase name="setAccessRightsfortheFolder" time="115.310" classname="TestCases.TC016_SetRightsfortheFolder"/>
</testsuite> <!-- TestCases.TC016_SetRightsfortheFolder -->
