<?xml version="1.0" encoding="UTF-8"?>
<!-- Generated by org.testng.reporters.JUnitReportReporter -->
<testsuite skipped="0" hostname="Omnex150" name="TestCases.TC007_FolderMgmt" tests="1" failures="0" timestamp="05 Apr 2019 12:48:10 GMT" time="33.389" errors="0">
  <testcase name="folderMgmt" time="33.389" classname="TestCases.TC007_FolderMgmt"/>
</testsuite> <!-- TestCases.TC007_FolderMgmt -->
