<?xml version="1.0" encoding="UTF-8"?>
<!-- Generated by org.testng.reporters.JUnitReportReporter -->
<testsuite skipped="0" hostname="Omnex150" name="TestCases.RequestADraft" tests="1" failures="0" timestamp="26 Apr 2019 09:33:10 GMT" time="181.930" errors="0">
  <testcase name="requestDraft" time="181.930" classname="TestCases.RequestADraft"/>
</testsuite> <!-- TestCases.RequestADraft -->
