<?xml version="1.0" encoding="UTF-8"?>
<!-- Generated by org.testng.reporters.JUnitReportReporter -->
<testsuite skipped="0" hostname="DESKTOP-FLV1Q8H" name="TestCases.TC017_CreateGroups" tests="1" failures="0" timestamp="12 Dec 2019 07:24:51 GMT" time="110.835" errors="0">
  <testcase name="createGroups" time="110.835" classname="TestCases.TC017_CreateGroups"/>
</testsuite> <!-- TestCases.TC017_CreateGroups -->
