<?xml version="1.0" encoding="UTF-8"?>
<!-- Generated by org.testng.reporters.JUnitReportReporter -->
<testsuite skipped="0" hostname="Omnex150" name="TestCases.TC008_SetDocProModuleasLandingPage" tests="1" failures="0" timestamp="18 Apr 2019 16:15:13 GMT" time="40.176" errors="0">
  <testcase name="setDocAsLandingPage" time="40.176" classname="TestCases.TC008_SetDocProModuleasLandingPage"/>
</testsuite> <!-- TestCases.TC008_SetDocProModuleasLandingPage -->
